Problem:    proba
Rows:       46
Columns:    19 (19 integer, 15 binary)
Non-zeros:  100
Status:     INTEGER OPTIMAL
Objective:  Hits = 4 (MAXimum)

   No.   Row name        Activity     Lower bound   Upper bound
------ ------------    ------------- ------------- -------------
     1 Hit_bomb1[T1,B1]
                                   7                        1001 
     2 Hit_bomb1[T1,B2]
                                1001                        1001 
     3 Hit_bomb1[T2,B1]
                                   7                        1002 
     4 Hit_bomb1[T2,B2]
                                1001                        1002 
     5 Hit_bomb1[T3,B1]
                                   7                        1004 
     6 Hit_bomb1[T3,B2]
                                   1                        1004 
     7 Hit_bomb1[T4,B1]
                                   7                        1001 
     8 Hit_bomb1[T4,B2]
                                1001                        1001 
     9 Hit_bomb1[T5,B1]
                                1007                        1007 
    10 Hit_bomb1[T5,B2]
                                   1                        1007 
    11 Hit_bomb2[T1,B1]
                                   6                        1002 
    12 Hit_bomb2[T1,B2]
                                1001                        1002 
    13 Hit_bomb2[T2,B1]
                                   6                        1003 
    14 Hit_bomb2[T2,B2]
                                1001                        1003 
    15 Hit_bomb2[T3,B1]
                                   6                        1004 
    16 Hit_bomb2[T3,B2]
                                   1                        1004 
    17 Hit_bomb2[T4,B1]
                                   6                        1001 
    18 Hit_bomb2[T4,B2]
                                1001                        1001 
    19 Hit_bomb2[T5,B1]
                                1006                        1007 
    20 Hit_bomb2[T5,B2]
                                   1                        1007 
    21 Hit_bomb3[T1,B1]
                                   7         -1000               
    22 Hit_bomb3[T1,B2]
                                -999         -1001               
    23 Hit_bomb3[T2,B1]
                                   7          -999               
    24 Hit_bomb3[T2,B2]
                                -999         -1000               
    25 Hit_bomb3[T3,B1]
                                   7          -997               
    26 Hit_bomb3[T3,B2]
                                   1          -998               
    27 Hit_bomb3[T4,B1]
                                   7         -1000               
    28 Hit_bomb3[T4,B2]
                                -999         -1001               
    29 Hit_bomb3[T5,B1]
                                -993          -994               
    30 Hit_bomb3[T5,B2]
                                   1          -995               
    31 Hit_bomb4[T1,B1]
                                   6          -999               
    32 Hit_bomb4[T1,B2]
                                -999         -1000               
    33 Hit_bomb4[T2,B1]
                                   6          -998               
    34 Hit_bomb4[T2,B2]
                                -999          -999               
    35 Hit_bomb4[T3,B1]
                                   6          -997               
    36 Hit_bomb4[T3,B2]
                                   1          -998               
    37 Hit_bomb4[T4,B1]
                                   6         -1000               
    38 Hit_bomb4[T4,B2]
                                -999         -1001               
    39 Hit_bomb4[T5,B1]
                                -994          -994               
    40 Hit_bomb4[T5,B2]
                                   1          -995               
    41 Hit_target1[T1]
                                -999          -999               
    42 Hit_target1[T2]
                                -999          -999               
    43 Hit_target1[T3]
                                   0          -999               
    44 Hit_target1[T4]
                                -999          -999               
    45 Hit_target1[T5]
                                -999          -999               
    46 Hits                        4                             

   No. Column name       Activity     Lower bound   Upper bound
------ ------------    ------------- ------------- -------------
     1 bposx[B1]    *              7                             
     2 bposx[B2]    *              1                             
     3 bposy[B1]    *              6                             
     4 bposy[B2]    *              1                             
     5 hit[T1]      *              1             0             1 
     6 hit[T2]      *              1             0             1 
     7 hit[T3]      *              0             0             1 
     8 hit[T4]      *              1             0             1 
     9 hit[T5]      *              1             0             1 
    10 explosion[B1,T1]
                    *              0             0             1 
    11 explosion[B2,T1]
                    *              1             0             1 
    12 explosion[B1,T2]
                    *              0             0             1 
    13 explosion[B2,T2]
                    *              1             0             1 
    14 explosion[B1,T3]
                    *              0             0             1 
    15 explosion[B2,T3]
                    *              0             0             1 
    16 explosion[B1,T4]
                    *              0             0             1 
    17 explosion[B2,T4]
                    *              1             0             1 
    18 explosion[B1,T5]
                    *              1             0             1 
    19 explosion[B2,T5]
                    *              0             0             1 

Integer feasibility conditions:

KKT.PE: max.abs.err = 0.00e+00 on row 0
        max.rel.err = 0.00e+00 on row 0
        High quality

KKT.PB: max.abs.err = 0.00e+00 on row 0
        max.rel.err = 0.00e+00 on row 0
        High quality

End of output
